<?xml version="1.0" encoding="UTF-8"?>
<coverage generated="1593163672154" clover="3.2.0">
  <project timestamp="1593163672155" name="All files">
    <metrics statements="124" coveredstatements="108" conditionals="46" coveredconditionals="31" methods="39" coveredmethods="30" elements="209" coveredelements="169" complexity="0" loc="124" ncloc="124" packages="1" files="3" classes="3"/>
    <file name="index.ts" path="/home/tomuench/workspace/hsos/github/vetprovieh-detail/lib/index.ts">
      <metrics statements="2" coveredstatements="2" conditionals="0" coveredconditionals="0" methods="0" coveredmethods="0"/>
      <line num="1" count="1" type="stmt"/>
      <line num="2" count="1" type="stmt"/>
    </file>
    <file name="vetprovieh-detail.ts" path="/home/tomuench/workspace/hsos/github/vetprovieh-detail/lib/vetprovieh-detail.ts">
      <metrics statements="90" coveredstatements="77" conditionals="40" coveredconditionals="28" methods="26" coveredmethods="20"/>
      <line num="1" count="2" type="stmt"/>
      <line num="5" count="2" type="stmt"/>
      <line num="13" count="2" type="stmt"/>
      <line num="18" count="2" type="stmt"/>
      <line num="49" count="2" type="stmt"/>
      <line num="52" count="3" type="stmt"/>
      <line num="53" count="3" type="stmt"/>
      <line num="54" count="3" type="stmt"/>
      <line num="62" count="3" type="stmt"/>
      <line num="64" count="3" type="cond" truecount="1" falsecount="1"/>
      <line num="65" count="3" type="cond" truecount="1" falsecount="1"/>
      <line num="66" count="3" type="stmt"/>
      <line num="74" count="24" type="stmt"/>
      <line num="82" count="5" type="cond" truecount="2" falsecount="0"/>
      <line num="83" count="2" type="stmt"/>
      <line num="84" count="2" type="stmt"/>
      <line num="94" count="51" type="stmt"/>
      <line num="102" count="15" type="cond" truecount="2" falsecount="0"/>
      <line num="103" count="13" type="stmt"/>
      <line num="104" count="13" type="stmt"/>
      <line num="113" count="5" type="cond" truecount="2" falsecount="0"/>
      <line num="114" count="2" type="stmt"/>
      <line num="118" count="5" type="stmt"/>
      <line num="119" count="5" type="stmt"/>
      <line num="127" count="5" type="stmt"/>
      <line num="128" count="5" type="stmt"/>
      <line num="129" count="5" type="stmt"/>
      <line num="130" count="5" type="stmt"/>
      <line num="140" count="0" type="stmt"/>
      <line num="141" count="0" type="stmt"/>
      <line num="142" count="0" type="stmt"/>
      <line num="143" count="0" type="stmt"/>
      <line num="150" count="1" type="cond" truecount="1" falsecount="1"/>
      <line num="151" count="1" type="stmt"/>
      <line num="152" count="1" type="stmt"/>
      <line num="153" count="1" type="stmt"/>
      <line num="155" count="0" type="cond" truecount="0" falsecount="4"/>
      <line num="157" count="0" type="stmt"/>
      <line num="158" count="0" type="stmt"/>
      <line num="161" count="0" type="stmt"/>
      <line num="162" count="0" type="stmt"/>
      <line num="166" count="1" type="stmt"/>
      <line num="176" count="1" type="stmt"/>
      <line num="178" count="1" type="cond" truecount="1" falsecount="1"/>
      <line num="179" count="1" type="stmt"/>
      <line num="181" count="0" type="stmt"/>
      <line num="183" count="1" type="stmt"/>
      <line num="184" count="1" type="stmt"/>
      <line num="193" count="1" type="stmt"/>
      <line num="194" count="1" type="stmt"/>
      <line num="195" count="1" type="stmt"/>
      <line num="204" count="8" type="stmt"/>
      <line num="205" count="8" type="stmt"/>
      <line num="206" count="8" type="stmt"/>
      <line num="207" count="8" type="cond" truecount="1" falsecount="1"/>
      <line num="208" count="8" type="stmt"/>
      <line num="217" count="5" type="stmt"/>
      <line num="218" count="5" type="stmt"/>
      <line num="219" count="5" type="stmt"/>
      <line num="220" count="5" type="stmt"/>
      <line num="222" count="5" type="cond" truecount="1" falsecount="1"/>
      <line num="223" count="5" type="stmt"/>
      <line num="233" count="16" type="cond" truecount="2" falsecount="0"/>
      <line num="234" count="8" type="stmt"/>
      <line num="237" count="16" type="stmt"/>
      <line num="238" count="48" type="cond" truecount="4" falsecount="0"/>
      <line num="239" count="8" type="stmt"/>
      <line num="241" count="40" type="stmt"/>
      <line num="242" count="40" type="stmt"/>
      <line num="245" count="40" type="cond" truecount="2" falsecount="0"/>
      <line num="246" count="8" type="stmt"/>
      <line num="247" count="0" type="stmt"/>
      <line num="248" count="0" type="stmt"/>
      <line num="250" count="8" type="stmt"/>
      <line num="262" count="8" type="stmt"/>
      <line num="263" count="8" type="stmt"/>
      <line num="264" count="8" type="stmt"/>
      <line num="265" count="8" type="cond" truecount="1" falsecount="1"/>
      <line num="266" count="8" type="stmt"/>
      <line num="268" count="8" type="stmt"/>
      <line num="269" count="8" type="stmt"/>
      <line num="282" count="15" type="cond" truecount="4" falsecount="0"/>
      <line num="283" count="8" type="stmt"/>
      <line num="284" count="8" type="stmt"/>
      <line num="285" count="8" type="cond" truecount="2" falsecount="0"/>
      <line num="287" count="8" type="stmt"/>
      <line num="288" count="8" type="stmt"/>
      <line num="289" count="8" type="stmt"/>
      <line num="290" count="0" type="stmt"/>
      <line num="299" count="2" type="stmt"/>
    </file>
    <file name="vetprovieh-notification.ts" path="/home/tomuench/workspace/hsos/github/vetprovieh-detail/lib/vetprovieh-notification.ts">
      <metrics statements="32" coveredstatements="29" conditionals="6" coveredconditionals="3" methods="13" coveredmethods="10"/>
      <line num="1" count="1" type="stmt"/>
      <line num="6" count="1" type="stmt"/>
      <line num="12" count="3" type="stmt"/>
      <line num="30" count="4" type="stmt"/>
      <line num="36" count="4" type="stmt"/>
      <line num="38" count="4" type="stmt"/>
      <line num="45" count="8" type="stmt"/>
      <line num="53" count="1" type="cond" truecount="1" falsecount="1"/>
      <line num="54" count="1" type="stmt"/>
      <line num="55" count="1" type="stmt"/>
      <line num="63" count="4" type="stmt"/>
      <line num="71" count="2" type="cond" truecount="1" falsecount="1"/>
      <line num="72" count="2" type="stmt"/>
      <line num="73" count="2" type="stmt"/>
      <line num="81" count="1" type="stmt"/>
      <line num="82" count="1" type="stmt"/>
      <line num="83" count="1" type="stmt"/>
      <line num="85" count="1" type="stmt"/>
      <line num="86" count="0" type="stmt"/>
      <line num="88" count="1" type="stmt"/>
      <line num="89" count="0" type="stmt"/>
      <line num="91" count="1" type="stmt"/>
      <line num="92" count="0" type="stmt"/>
      <line num="101" count="7" type="stmt"/>
      <line num="109" count="3" type="cond" truecount="1" falsecount="1"/>
      <line num="110" count="3" type="stmt"/>
      <line num="115" count="3" type="stmt"/>
      <line num="123" count="6" type="stmt"/>
      <line num="124" count="6" type="stmt"/>
      <line num="126" count="6" type="stmt"/>
      <line num="127" count="6" type="stmt"/>
      <line num="131" count="1" type="stmt"/>
    </file>
  </project>
</coverage>
