{"/home/tomuench/workspace/hsos/github/vetprovieh-detail/lib/index.ts": {"path":"/home/tomuench/workspace/hsos/github/vetprovieh-detail/lib/index.ts","statementMap":{"0":{"start":{"line":1,"column":0},"end":{"line":1,"column":36}},"1":{"start":{"line":2,"column":0},"end":{"line":2,"column":42}}},"fnMap":{},"branchMap":{},"s":{"0":1,"1":1},"f":{},"b":{}}
,"/home/tomuench/workspace/hsos/github/vetprovieh-detail/lib/vetprovieh-detail.ts": {"path":"/home/tomuench/workspace/hsos/github/vetprovieh-detail/lib/vetprovieh-detail.ts","statementMap":{"0":{"start":{"line":1,"column":0},"end":{"line":1,"column":null}},"1":{"start":{"line":5,"column":0},"end":{"line":5,"column":59}},"2":{"start":{"line":62,"column":6},"end":{"line":62,"column":14}},"3":{"start":{"line":52,"column":12},"end":{"line":52,"column":39}},"4":{"start":{"line":53,"column":12},"end":{"line":53,"column":38}},"5":{"start":{"line":54,"column":12},"end":{"line":54,"column":37}},"6":{"start":{"line":64,"column":24},"end":{"line":64,"column":71}},"7":{"start":{"line":65,"column":6},"end":{"line":67,"column":null}},"8":{"start":{"line":66,"column":8},"end":{"line":66,"column":48}},"9":{"start":{"line":18,"column":4},"end":{"line":41,"column":10}},"10":{"start":{"line":49,"column":4},"end":{"line":49,"column":25}},"11":{"start":{"line":74,"column":6},"end":{"line":74,"column":23}},"12":{"start":{"line":82,"column":6},"end":{"line":85,"column":null}},"13":{"start":{"line":83,"column":8},"end":{"line":83,"column":24}},"14":{"start":{"line":84,"column":8},"end":{"line":84,"column":36}},"15":{"start":{"line":94,"column":6},"end":{"line":94,"column":22}},"16":{"start":{"line":102,"column":6},"end":{"line":105,"column":null}},"17":{"start":{"line":103,"column":8},"end":{"line":103,"column":23}},"18":{"start":{"line":104,"column":8},"end":{"line":104,"column":36}},"19":{"start":{"line":113,"column":6},"end":{"line":117,"column":null}},"20":{"start":{"line":114,"column":8},"end":{"line":116,"column":49}},"21":{"start":{"line":118,"column":6},"end":{"line":118,"column":38}},"22":{"start":{"line":119,"column":6},"end":{"line":119,"column":25}},"23":{"start":{"line":127,"column":19},"end":{"line":127,"column":74}},"24":{"start":{"line":128,"column":20},"end":{"line":128,"column":76}},"25":{"start":{"line":129,"column":6},"end":{"line":129,"column":56}},"26":{"start":{"line":129,"column":43},"end":{"line":129,"column":54}},"27":{"start":{"line":130,"column":6},"end":{"line":130,"column":67}},"28":{"start":{"line":130,"column":44},"end":{"line":130,"column":65}},"29":{"start":{"line":140,"column":6},"end":{"line":140,"column":74}},"30":{"start":{"line":141,"column":6},"end":{"line":141,"column":31}},"31":{"start":{"line":142,"column":6},"end":{"line":142,"column":31}},"32":{"start":{"line":143,"column":6},"end":{"line":143,"column":29}},"33":{"start":{"line":150,"column":6},"end":{"line":167,"column":null}},"34":{"start":{"line":151,"column":20},"end":{"line":151,"column":44}},"35":{"start":{"line":152,"column":22},"end":{"line":152,"column":26}},"36":{"start":{"line":153,"column":8},"end":{"line":165,"column":41}},"37":{"start":{"line":155,"column":10},"end":{"line":164,"column":null}},"38":{"start":{"line":157,"column":12},"end":{"line":157,"column":41}},"39":{"start":{"line":158,"column":12},"end":{"line":158,"column":69}},"40":{"start":{"line":161,"column":12},"end":{"line":161,"column":47}},"41":{"start":{"line":162,"column":12},"end":{"line":163,"column":29}},"42":{"start":{"line":166,"column":8},"end":{"line":166,"column":54}},"43":{"start":{"line":176,"column":18},"end":{"line":176,"column":38}},"44":{"start":{"line":178,"column":6},"end":{"line":182,"column":null}},"45":{"start":{"line":179,"column":8},"end":{"line":179,"column":53}},"46":{"start":{"line":181,"column":8},"end":{"line":181,"column":45}},"47":{"start":{"line":183,"column":6},"end":{"line":183,"column":63}},"48":{"start":{"line":184,"column":6},"end":{"line":184,"column":17}},"49":{"start":{"line":193,"column":19},"end":{"line":193,"column":72}},"50":{"start":{"line":194,"column":24},"end":{"line":194,"column":45}},"51":{"start":{"line":195,"column":6},"end":{"line":195,"column":42}},"52":{"start":{"line":204,"column":21},"end":{"line":204,"column":72}},"53":{"start":{"line":205,"column":6},"end":{"line":205,"column":28}},"54":{"start":{"line":206,"column":6},"end":{"line":206,"column":49}},"55":{"start":{"line":207,"column":6},"end":{"line":209,"column":null}},"56":{"start":{"line":208,"column":8},"end":{"line":208,"column":37}},"57":{"start":{"line":217,"column":24},"end":{"line":217,"column":44}},"58":{"start":{"line":218,"column":18},"end":{"line":218,"column":36}},"59":{"start":{"line":219,"column":17},"end":{"line":219,"column":43}},"60":{"start":{"line":220,"column":6},"end":{"line":220,"column":22}},"61":{"start":{"line":222,"column":6},"end":{"line":224,"column":null}},"62":{"start":{"line":223,"column":8},"end":{"line":223,"column":27}},"63":{"start":{"line":233,"column":6},"end":{"line":235,"column":null}},"64":{"start":{"line":234,"column":8},"end":{"line":234,"column":35}},"65":{"start":{"line":237,"column":6},"end":{"line":253,"column":9}},"66":{"start":{"line":238,"column":8},"end":{"line":252,"column":null}},"67":{"start":{"line":239,"column":10},"end":{"line":239,"column":55}},"68":{"start":{"line":241,"column":26},"end":{"line":241,"column":58}},"69":{"start":{"line":242,"column":27},"end":{"line":243,"column":65}},"70":{"start":{"line":245,"column":10},"end":{"line":251,"column":null}},"71":{"start":{"line":246,"column":12},"end":{"line":249,"column":15}},"72":{"start":{"line":247,"column":32},"end":{"line":247,"column":53}},"73":{"start":{"line":248,"column":14},"end":{"line":248,"column":74}},"74":{"start":{"line":250,"column":12},"end":{"line":250,"column":74}},"75":{"start":{"line":262,"column":18},"end":{"line":262,"column":47}},"76":{"start":{"line":263,"column":26},"end":{"line":263,"column":53}},"77":{"start":{"line":264,"column":6},"end":{"line":264,"column":40}},"78":{"start":{"line":265,"column":6},"end":{"line":267,"column":null}},"79":{"start":{"line":266,"column":8},"end":{"line":266,"column":66}},"80":{"start":{"line":268,"column":6},"end":{"line":268,"column":31}},"81":{"start":{"line":269,"column":6},"end":{"line":269,"column":17}},"82":{"start":{"line":282,"column":6},"end":{"line":291,"column":null}},"83":{"start":{"line":283,"column":21},"end":{"line":283,"column":25}},"84":{"start":{"line":284,"column":23},"end":{"line":284,"column":33}},"85":{"start":{"line":285,"column":8},"end":{"line":285,"column":72}},"86":{"start":{"line":285,"column":33},"end":{"line":285,"column":72}},"87":{"start":{"line":287,"column":8},"end":{"line":290,"column":50}},"88":{"start":{"line":288,"column":32},"end":{"line":288,"column":47}},"89":{"start":{"line":289,"column":28},"end":{"line":289,"column":49}},"90":{"start":{"line":290,"column":30},"end":{"line":290,"column":48}},"91":{"start":{"line":13,"column":0},"end":{"line":13,"column":13}},"92":{"start":{"line":299,"column":0},"end":{"line":299,"column":61}}},"fnMap":{"0":{"name":"(anonymous_0)","decl":{"start":{"line":61,"column":4},"end":{"line":61,"column":16}},"loc":{"start":{"line":61,"column":62},"end":{"line":68,"column":5}}},"1":{"name":"(anonymous_1)","decl":{"start":{"line":17,"column":2},"end":{"line":17,"column":8}},"loc":{"start":{"line":17,"column":21},"end":{"line":42,"column":3}}},"2":{"name":"(anonymous_2)","decl":{"start":{"line":48,"column":2},"end":{"line":48,"column":8}},"loc":{"start":{"line":48,"column":31},"end":{"line":50,"column":3}}},"3":{"name":"(anonymous_3)","decl":{"start":{"line":73,"column":4},"end":{"line":73,"column":8}},"loc":{"start":{"line":73,"column":11},"end":{"line":75,"column":5}}},"4":{"name":"(anonymous_4)","decl":{"start":{"line":81,"column":4},"end":{"line":81,"column":8}},"loc":{"start":{"line":81,"column":15},"end":{"line":86,"column":5}}},"5":{"name":"(anonymous_5)","decl":{"start":{"line":93,"column":4},"end":{"line":93,"column":8}},"loc":{"start":{"line":93,"column":13},"end":{"line":95,"column":5}}},"6":{"name":"(anonymous_6)","decl":{"start":{"line":101,"column":4},"end":{"line":101,"column":8}},"loc":{"start":{"line":101,"column":17},"end":{"line":106,"column":5}}},"7":{"name":"(anonymous_7)","decl":{"start":{"line":111,"column":4},"end":{"line":111,"column":21}},"loc":{"start":{"line":111,"column":21},"end":{"line":120,"column":5}}},"8":{"name":"(anonymous_8)","decl":{"start":{"line":126,"column":4},"end":{"line":126,"column":28}},"loc":{"start":{"line":126,"column":28},"end":{"line":131,"column":5}}},"9":{"name":"(anonymous_9)","decl":{"start":{"line":129,"column":37},"end":{"line":129,"column":40}},"loc":{"start":{"line":129,"column":43},"end":{"line":129,"column":54}}},"10":{"name":"(anonymous_10)","decl":{"start":{"line":130,"column":38},"end":{"line":130,"column":41}},"loc":{"start":{"line":130,"column":44},"end":{"line":130,"column":65}}},"11":{"name":"(anonymous_11)","decl":{"start":{"line":138,"column":4},"end":{"line":138,"column":21}},"loc":{"start":{"line":138,"column":55},"end":{"line":144,"column":5}}},"12":{"name":"(anonymous_12)","decl":{"start":{"line":149,"column":4},"end":{"line":149,"column":8}},"loc":{"start":{"line":149,"column":8},"end":{"line":168,"column":5}}},"13":{"name":"(anonymous_13)","decl":{"start":{"line":153,"column":21},"end":{"line":153,"column":null}},"loc":{"start":{"line":153,"column":21},"end":{"line":165,"column":9}}},"14":{"name":"(anonymous_14)","decl":{"start":{"line":175,"column":4},"end":{"line":175,"column":21}},"loc":{"start":{"line":175,"column":21},"end":{"line":185,"column":5}}},"15":{"name":"(anonymous_15)","decl":{"start":{"line":192,"column":4},"end":{"line":192,"column":17}},"loc":{"start":{"line":192,"column":17},"end":{"line":196,"column":5}}},"16":{"name":"(anonymous_16)","decl":{"start":{"line":203,"column":4},"end":{"line":203,"column":14}},"loc":{"start":{"line":203,"column":24},"end":{"line":210,"column":5}}},"17":{"name":"(anonymous_17)","decl":{"start":{"line":216,"column":4},"end":{"line":216,"column":15}},"loc":{"start":{"line":216,"column":15},"end":{"line":225,"column":5}}},"18":{"name":"(anonymous_18)","decl":{"start":{"line":232,"column":4},"end":{"line":232,"column":21}},"loc":{"start":{"line":232,"column":44},"end":{"line":254,"column":5}}},"19":{"name":"(anonymous_19)","decl":{"start":{"line":237,"column":32},"end":{"line":237,"column":33}},"loc":{"start":{"line":237,"column":40},"end":{"line":253,"column":7}}},"20":{"name":"(anonymous_20)","decl":{"start":{"line":246,"column":45},"end":{"line":246,"column":46}},"loc":{"start":{"line":246,"column":55},"end":{"line":249,"column":13}}},"21":{"name":"(anonymous_21)","decl":{"start":{"line":261,"column":4},"end":{"line":261,"column":19}},"loc":{"start":{"line":261,"column":19},"end":{"line":270,"column":5}}},"22":{"name":"(anonymous_22)","decl":{"start":{"line":281,"column":4},"end":{"line":281,"column":24}},"loc":{"start":{"line":281,"column":24},"end":{"line":292,"column":5}}},"23":{"name":"(anonymous_23)","decl":{"start":{"line":288,"column":18},"end":{"line":288,"column":19}},"loc":{"start":{"line":288,"column":32},"end":{"line":288,"column":47}}},"24":{"name":"(anonymous_24)","decl":{"start":{"line":289,"column":18},"end":{"line":289,"column":19}},"loc":{"start":{"line":289,"column":28},"end":{"line":289,"column":49}}},"25":{"name":"(anonymous_25)","decl":{"start":{"line":290,"column":19},"end":{"line":290,"column":20}},"loc":{"start":{"line":290,"column":30},"end":{"line":290,"column":48}}}},"branchMap":{"0":{"loc":{"start":{"line":64,"column":24},"end":{"line":64,"column":37}},"type":"binary-expr","locations":[{"start":{"line":64,"column":24},"end":{"line":64,"column":37}},{"start":{"line":64,"column":41},"end":{"line":64,"column":71}}]},"1":{"loc":{"start":{"line":65,"column":6},"end":{"line":67,"column":null}},"type":"if","locations":[{"start":{"line":65,"column":6},"end":{"line":67,"column":null}},{"start":{"line":65,"column":6},"end":{"line":67,"column":null}}]},"2":{"loc":{"start":{"line":82,"column":6},"end":{"line":85,"column":null}},"type":"if","locations":[{"start":{"line":82,"column":6},"end":{"line":85,"column":null}},{"start":{"line":82,"column":6},"end":{"line":85,"column":null}}]},"3":{"loc":{"start":{"line":102,"column":6},"end":{"line":105,"column":null}},"type":"if","locations":[{"start":{"line":102,"column":6},"end":{"line":105,"column":null}},{"start":{"line":102,"column":6},"end":{"line":105,"column":null}}]},"4":{"loc":{"start":{"line":113,"column":6},"end":{"line":117,"column":null}},"type":"if","locations":[{"start":{"line":113,"column":6},"end":{"line":117,"column":null}},{"start":{"line":113,"column":6},"end":{"line":117,"column":null}}]},"5":{"loc":{"start":{"line":138,"column":43},"end":{"line":138,"column":55}},"type":"default-arg","locations":[{"start":{"line":138,"column":43},"end":{"line":138,"column":55}}]},"6":{"loc":{"start":{"line":150,"column":6},"end":{"line":167,"column":null}},"type":"if","locations":[{"start":{"line":150,"column":6},"end":{"line":167,"column":null}},{"start":{"line":150,"column":6},"end":{"line":167,"column":null}}]},"7":{"loc":{"start":{"line":155,"column":10},"end":{"line":164,"column":null}},"type":"if","locations":[{"start":{"line":155,"column":10},"end":{"line":164,"column":null}},{"start":{"line":155,"column":10},"end":{"line":164,"column":null}}]},"8":{"loc":{"start":{"line":155,"column":14},"end":{"line":155,"column":31}},"type":"binary-expr","locations":[{"start":{"line":155,"column":14},"end":{"line":155,"column":31}},{"start":{"line":155,"column":35},"end":{"line":155,"column":51}}]},"9":{"loc":{"start":{"line":178,"column":6},"end":{"line":182,"column":null}},"type":"if","locations":[{"start":{"line":178,"column":6},"end":{"line":182,"column":null}},{"start":{"line":178,"column":6},"end":{"line":182,"column":null}}]},"10":{"loc":{"start":{"line":207,"column":6},"end":{"line":209,"column":null}},"type":"if","locations":[{"start":{"line":207,"column":6},"end":{"line":209,"column":null}},{"start":{"line":207,"column":6},"end":{"line":209,"column":null}}]},"11":{"loc":{"start":{"line":222,"column":6},"end":{"line":224,"column":null}},"type":"if","locations":[{"start":{"line":222,"column":6},"end":{"line":224,"column":null}},{"start":{"line":222,"column":6},"end":{"line":224,"column":null}}]},"12":{"loc":{"start":{"line":232,"column":42},"end":{"line":232,"column":44}},"type":"default-arg","locations":[{"start":{"line":232,"column":42},"end":{"line":232,"column":44}}]},"13":{"loc":{"start":{"line":233,"column":6},"end":{"line":235,"column":null}},"type":"if","locations":[{"start":{"line":233,"column":6},"end":{"line":235,"column":null}},{"start":{"line":233,"column":6},"end":{"line":235,"column":null}}]},"14":{"loc":{"start":{"line":238,"column":8},"end":{"line":252,"column":null}},"type":"if","locations":[{"start":{"line":238,"column":8},"end":{"line":252,"column":null}},{"start":{"line":238,"column":8},"end":{"line":252,"column":null}}]},"15":{"loc":{"start":{"line":238,"column":12},"end":{"line":238,"column":29}},"type":"binary-expr","locations":[{"start":{"line":238,"column":12},"end":{"line":238,"column":29}},{"start":{"line":238,"column":33},"end":{"line":238,"column":64}}]},"16":{"loc":{"start":{"line":245,"column":10},"end":{"line":251,"column":null}},"type":"if","locations":[{"start":{"line":245,"column":10},"end":{"line":251,"column":null}},{"start":{"line":245,"column":10},"end":{"line":251,"column":null}}]},"17":{"loc":{"start":{"line":265,"column":6},"end":{"line":267,"column":null}},"type":"if","locations":[{"start":{"line":265,"column":6},"end":{"line":267,"column":null}},{"start":{"line":265,"column":6},"end":{"line":267,"column":null}}]},"18":{"loc":{"start":{"line":282,"column":6},"end":{"line":291,"column":null}},"type":"if","locations":[{"start":{"line":282,"column":6},"end":{"line":291,"column":null}},{"start":{"line":282,"column":6},"end":{"line":291,"column":null}}]},"19":{"loc":{"start":{"line":282,"column":10},"end":{"line":282,"column":20}},"type":"binary-expr","locations":[{"start":{"line":282,"column":10},"end":{"line":282,"column":20}},{"start":{"line":282,"column":24},"end":{"line":282,"column":32}}]},"20":{"loc":{"start":{"line":285,"column":8},"end":{"line":285,"column":72}},"type":"if","locations":[{"start":{"line":285,"column":8},"end":{"line":285,"column":72}},{"start":{"line":285,"column":8},"end":{"line":285,"column":72}}]}},"s":{"0":2,"1":2,"2":3,"3":3,"4":3,"5":3,"6":3,"7":3,"8":3,"9":2,"10":2,"11":24,"12":5,"13":2,"14":2,"15":51,"16":15,"17":13,"18":13,"19":5,"20":2,"21":5,"22":5,"23":5,"24":5,"25":5,"26":0,"27":5,"28":0,"29":0,"30":0,"31":0,"32":0,"33":1,"34":1,"35":1,"36":1,"37":0,"38":0,"39":0,"40":0,"41":0,"42":1,"43":1,"44":1,"45":1,"46":0,"47":1,"48":1,"49":1,"50":1,"51":1,"52":8,"53":8,"54":8,"55":8,"56":8,"57":5,"58":5,"59":5,"60":5,"61":5,"62":5,"63":16,"64":8,"65":16,"66":48,"67":8,"68":40,"69":40,"70":40,"71":8,"72":0,"73":0,"74":8,"75":8,"76":8,"77":8,"78":8,"79":8,"80":8,"81":8,"82":15,"83":8,"84":8,"85":8,"86":5,"87":8,"88":8,"89":8,"90":0,"91":2,"92":2},"f":{"0":3,"1":2,"2":2,"3":24,"4":5,"5":51,"6":15,"7":5,"8":5,"9":0,"10":0,"11":0,"12":1,"13":0,"14":1,"15":1,"16":8,"17":5,"18":16,"19":48,"20":0,"21":8,"22":15,"23":8,"24":8,"25":0},"b":{"0":[3,0],"1":[3,0],"2":[2,3],"3":[13,2],"4":[2,3],"5":[0],"6":[1,0],"7":[0,0],"8":[0,0],"9":[1,0],"10":[8,0],"11":[5,0],"12":[8],"13":[8,8],"14":[8,40],"15":[48,48],"16":[8,32],"17":[8,0],"18":[8,7],"19":[15,12],"20":[5,3]}}
,"/home/tomuench/workspace/hsos/github/vetprovieh-detail/lib/vetprovieh-notification.ts": {"path":"/home/tomuench/workspace/hsos/github/vetprovieh-detail/lib/vetprovieh-notification.ts","statementMap":{"0":{"start":{"line":1,"column":0},"end":{"line":1,"column":62}},"1":{"start":{"line":36,"column":6},"end":{"line":36,"column":14}},"2":{"start":{"line":30,"column":12},"end":{"line":30,"column":33}},"3":{"start":{"line":38,"column":6},"end":{"line":38,"column":34}},"4":{"start":{"line":12,"column":4},"end":{"line":26,"column":12}},"5":{"start":{"line":45,"column":6},"end":{"line":45,"column":24}},"6":{"start":{"line":53,"column":6},"end":{"line":56,"column":null}},"7":{"start":{"line":54,"column":8},"end":{"line":54,"column":25}},"8":{"start":{"line":55,"column":8},"end":{"line":55,"column":32}},"9":{"start":{"line":63,"column":6},"end":{"line":63,"column":24}},"10":{"start":{"line":71,"column":6},"end":{"line":74,"column":null}},"11":{"start":{"line":72,"column":8},"end":{"line":72,"column":25}},"12":{"start":{"line":73,"column":8},"end":{"line":73,"column":32}},"13":{"start":{"line":81,"column":43},"end":{"line":81,"column":64}},"14":{"start":{"line":82,"column":34},"end":{"line":82,"column":78}},"15":{"start":{"line":83,"column":6},"end":{"line":83,"column":49}},"16":{"start":{"line":85,"column":6},"end":{"line":87,"column":15}},"17":{"start":{"line":86,"column":8},"end":{"line":86,"column":45}},"18":{"start":{"line":88,"column":6},"end":{"line":90,"column":15}},"19":{"start":{"line":89,"column":8},"end":{"line":89,"column":48}},"20":{"start":{"line":91,"column":6},"end":{"line":93,"column":15}},"21":{"start":{"line":92,"column":8},"end":{"line":92,"column":42}},"22":{"start":{"line":101,"column":6},"end":{"line":101,"column":71}},"23":{"start":{"line":109,"column":6},"end":{"line":113,"column":null}},"24":{"start":{"line":110,"column":8},"end":{"line":112,"column":55}},"25":{"start":{"line":115,"column":6},"end":{"line":115,"column":30}},"26":{"start":{"line":123,"column":30},"end":{"line":123,"column":51}},"27":{"start":{"line":124,"column":22},"end":{"line":124,"column":71}},"28":{"start":{"line":126,"column":6},"end":{"line":126,"column":47}},"29":{"start":{"line":127,"column":6},"end":{"line":127,"column":37}},"30":{"start":{"line":6,"column":0},"end":{"line":6,"column":13}},"31":{"start":{"line":131,"column":0},"end":{"line":131,"column":73}}},"fnMap":{"0":{"name":"(anonymous_0)","decl":{"start":{"line":35,"column":4},"end":{"line":35,"column":null}},"loc":{"start":{"line":35,"column":4},"end":{"line":39,"column":5}}},"1":{"name":"(anonymous_1)","decl":{"start":{"line":11,"column":2},"end":{"line":11,"column":8}},"loc":{"start":{"line":11,"column":21},"end":{"line":27,"column":3}}},"2":{"name":"(anonymous_2)","decl":{"start":{"line":44,"column":4},"end":{"line":44,"column":8}},"loc":{"start":{"line":44,"column":12},"end":{"line":46,"column":5}}},"3":{"name":"(anonymous_3)","decl":{"start":{"line":52,"column":4},"end":{"line":52,"column":8}},"loc":{"start":{"line":52,"column":16},"end":{"line":57,"column":5}}},"4":{"name":"(anonymous_4)","decl":{"start":{"line":62,"column":4},"end":{"line":62,"column":8}},"loc":{"start":{"line":62,"column":12},"end":{"line":64,"column":5}}},"5":{"name":"(anonymous_5)","decl":{"start":{"line":70,"column":4},"end":{"line":70,"column":8}},"loc":{"start":{"line":70,"column":16},"end":{"line":75,"column":5}}},"6":{"name":"(anonymous_6)","decl":{"start":{"line":80,"column":4},"end":{"line":80,"column":11}},"loc":{"start":{"line":80,"column":11},"end":{"line":94,"column":5}}},"7":{"name":"(anonymous_7)","decl":{"start":{"line":85,"column":17},"end":{"line":85,"column":20}},"loc":{"start":{"line":85,"column":22},"end":{"line":87,"column":7}}},"8":{"name":"(anonymous_8)","decl":{"start":{"line":88,"column":17},"end":{"line":88,"column":20}},"loc":{"start":{"line":88,"column":22},"end":{"line":90,"column":7}}},"9":{"name":"(anonymous_9)","decl":{"start":{"line":91,"column":17},"end":{"line":91,"column":20}},"loc":{"start":{"line":91,"column":22},"end":{"line":93,"column":7}}},"10":{"name":"(anonymous_10)","decl":{"start":{"line":100,"column":4},"end":{"line":100,"column":16}},"loc":{"start":{"line":100,"column":32},"end":{"line":102,"column":5}}},"11":{"name":"(anonymous_11)","decl":{"start":{"line":107,"column":4},"end":{"line":107,"column":21}},"loc":{"start":{"line":107,"column":21},"end":{"line":116,"column":5}}},"12":{"name":"(anonymous_12)","decl":{"start":{"line":122,"column":4},"end":{"line":122,"column":20}},"loc":{"start":{"line":122,"column":20},"end":{"line":128,"column":5}}}},"branchMap":{"0":{"loc":{"start":{"line":53,"column":6},"end":{"line":56,"column":null}},"type":"if","locations":[{"start":{"line":53,"column":6},"end":{"line":56,"column":null}},{"start":{"line":53,"column":6},"end":{"line":56,"column":null}}]},"1":{"loc":{"start":{"line":71,"column":6},"end":{"line":74,"column":null}},"type":"if","locations":[{"start":{"line":71,"column":6},"end":{"line":74,"column":null}},{"start":{"line":71,"column":6},"end":{"line":74,"column":null}}]},"2":{"loc":{"start":{"line":109,"column":6},"end":{"line":113,"column":null}},"type":"if","locations":[{"start":{"line":109,"column":6},"end":{"line":113,"column":null}},{"start":{"line":109,"column":6},"end":{"line":113,"column":null}}]}},"s":{"0":1,"1":4,"2":4,"3":4,"4":3,"5":8,"6":1,"7":1,"8":1,"9":4,"10":2,"11":2,"12":2,"13":1,"14":1,"15":1,"16":1,"17":0,"18":1,"19":0,"20":1,"21":0,"22":7,"23":3,"24":3,"25":3,"26":6,"27":6,"28":6,"29":6,"30":1,"31":1},"f":{"0":4,"1":3,"2":8,"3":1,"4":4,"5":2,"6":1,"7":0,"8":0,"9":0,"10":7,"11":3,"12":6},"b":{"0":[1,0],"1":[2,0],"2":[3,0]}}
}
