TN:
SF:lib/index.ts
FNF:0
FNH:0
DA:1,1
DA:2,1
LF:2
LH:2
BRF:0
BRH:0
end_of_record
TN:
SF:lib/vetprovieh-detail.ts
FN:61,(anonymous_0)
FN:17,(anonymous_1)
FN:48,(anonymous_2)
FN:73,(anonymous_3)
FN:81,(anonymous_4)
FN:93,(anonymous_5)
FN:101,(anonymous_6)
FN:111,(anonymous_7)
FN:126,(anonymous_8)
FN:129,(anonymous_9)
FN:130,(anonymous_10)
FN:138,(anonymous_11)
FN:149,(anonymous_12)
FN:153,(anonymous_13)
FN:175,(anonymous_14)
FN:192,(anonymous_15)
FN:203,(anonymous_16)
FN:216,(anonymous_17)
FN:232,(anonymous_18)
FN:237,(anonymous_19)
FN:246,(anonymous_20)
FN:261,(anonymous_21)
FN:281,(anonymous_22)
FN:288,(anonymous_23)
FN:289,(anonymous_24)
FN:290,(anonymous_25)
FNF:26
FNH:20
FNDA:3,(anonymous_0)
FNDA:2,(anonymous_1)
FNDA:2,(anonymous_2)
FNDA:24,(anonymous_3)
FNDA:5,(anonymous_4)
FNDA:51,(anonymous_5)
FNDA:15,(anonymous_6)
FNDA:5,(anonymous_7)
FNDA:5,(anonymous_8)
FNDA:0,(anonymous_9)
FNDA:0,(anonymous_10)
FNDA:0,(anonymous_11)
FNDA:1,(anonymous_12)
FNDA:0,(anonymous_13)
FNDA:1,(anonymous_14)
FNDA:1,(anonymous_15)
FNDA:8,(anonymous_16)
FNDA:5,(anonymous_17)
FNDA:16,(anonymous_18)
FNDA:48,(anonymous_19)
FNDA:0,(anonymous_20)
FNDA:8,(anonymous_21)
FNDA:15,(anonymous_22)
FNDA:8,(anonymous_23)
FNDA:8,(anonymous_24)
FNDA:0,(anonymous_25)
DA:1,2
DA:5,2
DA:13,2
DA:18,2
DA:49,2
DA:52,3
DA:53,3
DA:54,3
DA:62,3
DA:64,3
DA:65,3
DA:66,3
DA:74,24
DA:82,5
DA:83,2
DA:84,2
DA:94,51
DA:102,15
DA:103,13
DA:104,13
DA:113,5
DA:114,2
DA:118,5
DA:119,5
DA:127,5
DA:128,5
DA:129,5
DA:130,5
DA:140,0
DA:141,0
DA:142,0
DA:143,0
DA:150,1
DA:151,1
DA:152,1
DA:153,1
DA:155,0
DA:157,0
DA:158,0
DA:161,0
DA:162,0
DA:166,1
DA:176,1
DA:178,1
DA:179,1
DA:181,0
DA:183,1
DA:184,1
DA:193,1
DA:194,1
DA:195,1
DA:204,8
DA:205,8
DA:206,8
DA:207,8
DA:208,8
DA:217,5
DA:218,5
DA:219,5
DA:220,5
DA:222,5
DA:223,5
DA:233,16
DA:234,8
DA:237,16
DA:238,48
DA:239,8
DA:241,40
DA:242,40
DA:245,40
DA:246,8
DA:247,0
DA:248,0
DA:250,8
DA:262,8
DA:263,8
DA:264,8
DA:265,8
DA:266,8
DA:268,8
DA:269,8
DA:282,15
DA:283,8
DA:284,8
DA:285,8
DA:287,8
DA:288,8
DA:289,8
DA:290,0
DA:299,2
LF:90
LH:77
BRDA:64,0,0,3
BRDA:64,0,1,0
BRDA:65,1,0,3
BRDA:65,1,1,0
BRDA:82,2,0,2
BRDA:82,2,1,3
BRDA:102,3,0,13
BRDA:102,3,1,2
BRDA:113,4,0,2
BRDA:113,4,1,3
BRDA:138,5,0,0
BRDA:150,6,0,1
BRDA:150,6,1,0
BRDA:155,7,0,0
BRDA:155,7,1,0
BRDA:155,8,0,0
BRDA:155,8,1,0
BRDA:178,9,0,1
BRDA:178,9,1,0
BRDA:207,10,0,8
BRDA:207,10,1,0
BRDA:222,11,0,5
BRDA:222,11,1,0
BRDA:232,12,0,8
BRDA:233,13,0,8
BRDA:233,13,1,8
BRDA:238,14,0,8
BRDA:238,14,1,40
BRDA:238,15,0,48
BRDA:238,15,1,48
BRDA:245,16,0,8
BRDA:245,16,1,32
BRDA:265,17,0,8
BRDA:265,17,1,0
BRDA:282,18,0,8
BRDA:282,18,1,7
BRDA:282,19,0,15
BRDA:282,19,1,12
BRDA:285,20,0,5
BRDA:285,20,1,3
BRF:40
BRH:28
end_of_record
TN:
SF:lib/vetprovieh-notification.ts
FN:35,(anonymous_0)
FN:11,(anonymous_1)
FN:44,(anonymous_2)
FN:52,(anonymous_3)
FN:62,(anonymous_4)
FN:70,(anonymous_5)
FN:80,(anonymous_6)
FN:85,(anonymous_7)
FN:88,(anonymous_8)
FN:91,(anonymous_9)
FN:100,(anonymous_10)
FN:107,(anonymous_11)
FN:122,(anonymous_12)
FNF:13
FNH:10
FNDA:4,(anonymous_0)
FNDA:3,(anonymous_1)
FNDA:8,(anonymous_2)
FNDA:1,(anonymous_3)
FNDA:4,(anonymous_4)
FNDA:2,(anonymous_5)
FNDA:1,(anonymous_6)
FNDA:0,(anonymous_7)
FNDA:0,(anonymous_8)
FNDA:0,(anonymous_9)
FNDA:7,(anonymous_10)
FNDA:3,(anonymous_11)
FNDA:6,(anonymous_12)
DA:1,1
DA:6,1
DA:12,3
DA:30,4
DA:36,4
DA:38,4
DA:45,8
DA:53,1
DA:54,1
DA:55,1
DA:63,4
DA:71,2
DA:72,2
DA:73,2
DA:81,1
DA:82,1
DA:83,1
DA:85,1
DA:86,0
DA:88,1
DA:89,0
DA:91,1
DA:92,0
DA:101,7
DA:109,3
DA:110,3
DA:115,3
DA:123,6
DA:124,6
DA:126,6
DA:127,6
DA:131,1
LF:32
LH:29
BRDA:53,0,0,1
BRDA:53,0,1,0
BRDA:71,1,0,2
BRDA:71,1,1,0
BRDA:109,2,0,3
BRDA:109,2,1,0
BRF:6
BRH:3
end_of_record
