TN:
SF:lib/index.ts
FNF:0
FNH:0
DA:1,1
DA:2,1
LF:2
LH:2
BRF:0
BRH:0
end_of_record
TN:
SF:lib/vetprovieh-detail.ts
FN:60,(anonymous_0)
FN:17,(anonymous_1)
FN:48,(anonymous_2)
FN:72,(anonymous_3)
FN:80,(anonymous_4)
FN:92,(anonymous_5)
FN:100,(anonymous_6)
FN:110,(anonymous_7)
FN:125,(anonymous_8)
FN:128,(anonymous_9)
FN:129,(anonymous_10)
FN:137,(anonymous_11)
FN:148,(anonymous_12)
FN:152,(anonymous_13)
FN:174,(anonymous_14)
FN:191,(anonymous_15)
FN:202,(anonymous_16)
FN:215,(anonymous_17)
FN:231,(anonymous_18)
FN:236,(anonymous_19)
FN:245,(anonymous_20)
FN:260,(anonymous_21)
FN:280,(anonymous_22)
FN:287,(anonymous_23)
FN:288,(anonymous_24)
FNF:25
FNH:1
FNDA:0,(anonymous_0)
FNDA:0,(anonymous_1)
FNDA:1,(anonymous_2)
FNDA:0,(anonymous_3)
FNDA:0,(anonymous_4)
FNDA:0,(anonymous_5)
FNDA:0,(anonymous_6)
FNDA:0,(anonymous_7)
FNDA:0,(anonymous_8)
FNDA:0,(anonymous_9)
FNDA:0,(anonymous_10)
FNDA:0,(anonymous_11)
FNDA:0,(anonymous_12)
FNDA:0,(anonymous_13)
FNDA:0,(anonymous_14)
FNDA:0,(anonymous_15)
FNDA:0,(anonymous_16)
FNDA:0,(anonymous_17)
FNDA:0,(anonymous_18)
FNDA:0,(anonymous_19)
FNDA:0,(anonymous_20)
FNDA:0,(anonymous_21)
FNDA:0,(anonymous_22)
FNDA:0,(anonymous_23)
FNDA:0,(anonymous_24)
DA:1,1
DA:5,1
DA:18,0
DA:49,1
DA:52,0
DA:53,0
DA:54,0
DA:61,0
DA:63,0
DA:64,0
DA:65,0
DA:73,0
DA:81,0
DA:82,0
DA:83,0
DA:93,0
DA:101,0
DA:102,0
DA:103,0
DA:112,0
DA:113,0
DA:117,0
DA:118,0
DA:126,0
DA:127,0
DA:128,0
DA:129,0
DA:139,0
DA:140,0
DA:141,0
DA:142,0
DA:149,0
DA:150,0
DA:151,0
DA:152,0
DA:154,0
DA:156,0
DA:157,0
DA:160,0
DA:161,0
DA:165,0
DA:175,0
DA:177,0
DA:178,0
DA:180,0
DA:182,0
DA:183,0
DA:192,0
DA:193,0
DA:194,0
DA:203,0
DA:204,0
DA:205,0
DA:206,0
DA:207,0
DA:216,0
DA:217,0
DA:218,0
DA:219,0
DA:221,0
DA:222,0
DA:232,0
DA:233,0
DA:236,0
DA:237,0
DA:238,0
DA:240,0
DA:241,0
DA:244,0
DA:245,0
DA:246,0
DA:247,0
DA:249,0
DA:261,0
DA:262,0
DA:263,0
DA:264,0
DA:265,0
DA:267,0
DA:268,0
DA:281,0
DA:282,0
DA:283,0
DA:284,0
DA:286,0
DA:287,0
DA:288,0
DA:297,1
LF:88
LH:4
BRDA:64,0,0,0
BRDA:64,0,1,0
BRDA:81,1,0,0
BRDA:81,1,1,0
BRDA:101,2,0,0
BRDA:101,2,1,0
BRDA:112,3,0,0
BRDA:112,3,1,0
BRDA:137,4,0,0
BRDA:149,5,0,0
BRDA:149,5,1,0
BRDA:154,6,0,0
BRDA:154,6,1,0
BRDA:154,7,0,0
BRDA:154,7,1,0
BRDA:177,8,0,0
BRDA:177,8,1,0
BRDA:206,9,0,0
BRDA:206,9,1,0
BRDA:221,10,0,0
BRDA:221,10,1,0
BRDA:231,11,0,0
BRDA:232,12,0,0
BRDA:232,12,1,0
BRDA:237,13,0,0
BRDA:237,13,1,0
BRDA:237,14,0,0
BRDA:237,14,1,0
BRDA:244,15,0,0
BRDA:244,15,1,0
BRDA:264,16,0,0
BRDA:264,16,1,0
BRDA:281,17,0,0
BRDA:281,17,1,0
BRDA:281,18,0,0
BRDA:281,18,1,0
BRDA:284,19,0,0
BRDA:284,19,1,0
BRF:38
BRH:0
end_of_record
TN:
SF:lib/vetprovieh-notification.ts
FN:35,(anonymous_0)
FN:11,(anonymous_1)
FN:44,(anonymous_2)
FN:52,(anonymous_3)
FN:62,(anonymous_4)
FN:70,(anonymous_5)
FN:80,(anonymous_6)
FN:85,(anonymous_7)
FN:88,(anonymous_8)
FN:91,(anonymous_9)
FN:100,(anonymous_10)
FN:107,(anonymous_11)
FN:122,(anonymous_12)
FNF:13
FNH:10
FNDA:4,(anonymous_0)
FNDA:3,(anonymous_1)
FNDA:8,(anonymous_2)
FNDA:1,(anonymous_3)
FNDA:4,(anonymous_4)
FNDA:2,(anonymous_5)
FNDA:1,(anonymous_6)
FNDA:0,(anonymous_7)
FNDA:0,(anonymous_8)
FNDA:0,(anonymous_9)
FNDA:7,(anonymous_10)
FNDA:3,(anonymous_11)
FNDA:6,(anonymous_12)
DA:1,1
DA:6,1
DA:12,3
DA:30,4
DA:36,4
DA:38,4
DA:45,8
DA:53,1
DA:54,1
DA:55,1
DA:63,4
DA:71,2
DA:72,2
DA:73,2
DA:81,1
DA:82,1
DA:83,1
DA:85,1
DA:86,0
DA:88,1
DA:89,0
DA:91,1
DA:92,0
DA:101,7
DA:109,3
DA:110,3
DA:115,3
DA:123,6
DA:124,6
DA:126,6
DA:127,6
DA:131,1
LF:32
LH:29
BRDA:53,0,0,1
BRDA:53,0,1,0
BRDA:71,1,0,2
BRDA:71,1,1,0
BRDA:109,2,0,3
BRDA:109,2,1,0
BRF:6
BRH:3
end_of_record
